0 verbose cli /usr/local/bin/node /usr/local/bin/npm
1 info using npm@10.8.2
2 info using node@v20.19.0
3 silly config load:file:/usr/local/lib/node_modules/npm/npmrc
4 silly config load:file:/home/user/.npmrc
5 silly config load:file:/usr/local/etc/npmrc
6 verbose title npm install
7 verbose argv "install" "--force"
8 verbose logfile logs-max:10 dir:/home/user/.npm/_logs/2025-04-21T02_25_28_293Z-
9 verbose logfile /home/user/.npm/_logs/2025-04-21T02_25_28_293Z-debug-0.log
10 warn using --force Recommended protections disabled.
11 silly packumentCache heap:530317312 maxSize:132579328 maxEntrySize:66289664
12 silly logfile done cleaning log files
13 silly idealTree buildDeps
14 silly fetch manifest expo-linear-gradient@latest
15 silly packumentCache full:https://registry.npmjs.org/expo-linear-gradient cache-miss
16 http fetch GET 200 https://registry.npmjs.org/expo-linear-gradient 969ms (cache miss)
17 silly packumentCache full:https://registry.npmjs.org/expo-linear-gradient set size:undefined disposed:false
18 silly fetch manifest expo@~52.0.46
19 silly packumentCache full:https://registry.npmjs.org/expo cache-miss
20 http fetch GET 200 https://registry.npmjs.org/expo 123ms (cache updated)
21 silly packumentCache full:https://registry.npmjs.org/expo set size:undefined disposed:false
22 silly fetch manifest @expo/dom-webview@*
23 silly packumentCache full:https://registry.npmjs.org/@expo%2fdom-webview cache-miss
24 http fetch GET 200 https://registry.npmjs.org/@expo%2fdom-webview 29ms (cache hit)
25 silly packumentCache full:https://registry.npmjs.org/@expo%2fdom-webview set size:132869 disposed:false
26 silly fetch manifest react@18.3.1
27 silly packumentCache full:https://registry.npmjs.org/react cache-miss
28 http fetch GET 200 https://registry.npmjs.org/react 25ms (cache hit)
29 silly packumentCache full:https://registry.npmjs.org/react set size:5618052 disposed:false
30 silly fetch manifest react-native@0.76.9
31 silly packumentCache full:https://registry.npmjs.org/react-native cache-miss
32 http fetch GET 200 https://registry.npmjs.org/react-native 59ms (cache hit)
33 silly packumentCache full:https://registry.npmjs.org/react-native set size:13253790 disposed:false
34 silly fetch manifest @types/react@~18.3.12
35 silly packumentCache full:https://registry.npmjs.org/@types%2freact cache-miss
36 http fetch GET 200 https://registry.npmjs.org/@types%2freact 26ms (cache hit)
37 silly packumentCache full:https://registry.npmjs.org/@types%2freact set size:2355905 disposed:false
38 silly fetch manifest @expo/metro-runtime@*
39 silly packumentCache full:https://registry.npmjs.org/@expo%2fmetro-runtime cache-miss
40 http fetch GET 200 https://registry.npmjs.org/@expo%2fmetro-runtime 10ms (cache hit)
41 silly packumentCache full:https://registry.npmjs.org/@expo%2fmetro-runtime set size:401762 disposed:false
42 silly fetch manifest react-native-webview@*
43 silly packumentCache full:https://registry.npmjs.org/react-native-webview cache-miss
44 http fetch GET 200 https://registry.npmjs.org/react-native-webview 9ms (cache hit)
45 silly packumentCache full:https://registry.npmjs.org/react-native-webview set size:1331161 disposed:false
46 silly placeDep ROOT expo-linear-gradient@14.0.2 OK for: expo-react-native@1.0.0 want: latest
47 silly fetch manifest expo@^49.0.7 || ^50.0.0-0
48 silly packumentCache full:https://registry.npmjs.org/expo cache-miss
49 http fetch GET 200 https://registry.npmjs.org/expo 16ms (cache hit)
50 silly packumentCache full:https://registry.npmjs.org/expo set size:2940748 disposed:false
51 warn ERESOLVE overriding peer dependency {
51 warn ERESOLVE   code: 'ERESOLVE',
51 warn ERESOLVE   edge: {
51 warn ERESOLVE     type: 'peer',
51 warn ERESOLVE     name: 'expo',
51 warn ERESOLVE     spec: '^49.0.7 || ^50.0.0-0',
51 warn ERESOLVE     error: 'INVALID',
51 warn ERESOLVE     from: {
51 warn ERESOLVE       name: '@expo/webpack-config',
51 warn ERESOLVE       version: '19.0.1',
51 warn ERESOLVE       location: 'node_modules/@expo/webpack-config',
51 warn ERESOLVE       isWorkspace: false,
51 warn ERESOLVE       dependents: [Array]
51 warn ERESOLVE     }
51 warn ERESOLVE   },
51 warn ERESOLVE   dep: {
51 warn ERESOLVE     name: 'expo',
51 warn ERESOLVE     version: '50.0.21',
51 warn ERESOLVE     whileInstalling: {
51 warn ERESOLVE       name: '@expo/webpack-config',
51 warn ERESOLVE       version: '19.0.1',
51 warn ERESOLVE       path: '/home/user/node_modules/@expo/webpack-config'
51 warn ERESOLVE     },
51 warn ERESOLVE     location: 'node_modules/expo',
51 warn ERESOLVE     isWorkspace: false,
51 warn ERESOLVE     dependents: [ [Object] ]
51 warn ERESOLVE   },
51 warn ERESOLVE   force: true,
51 warn ERESOLVE   isMine: true,
51 warn ERESOLVE   strictPeerDeps: false,
51 warn ERESOLVE   current: {
51 warn ERESOLVE     name: 'expo',
51 warn ERESOLVE     version: '52.0.46',
51 warn ERESOLVE     location: 'node_modules/expo',
51 warn ERESOLVE     isWorkspace: false,
51 warn ERESOLVE     dependents: [
51 warn ERESOLVE       [Object], [Object],
51 warn ERESOLVE       [Object], [Object],
51 warn ERESOLVE       [Object], [Object],
51 warn ERESOLVE       [Object], [Object],
51 warn ERESOLVE       [Object], [Object],
51 warn ERESOLVE       [Object], [Object],
51 warn ERESOLVE       [Object]
51 warn ERESOLVE     ]
51 warn ERESOLVE   },
51 warn ERESOLVE   peerConflict: {
51 warn ERESOLVE     current: {
51 warn ERESOLVE       name: 'expo',
51 warn ERESOLVE       version: '52.0.46',
51 warn ERESOLVE       location: 'node_modules/expo',
51 warn ERESOLVE       isWorkspace: false,
51 warn ERESOLVE       dependents: [Array]
51 warn ERESOLVE     },
51 warn ERESOLVE     peer: {
51 warn ERESOLVE       name: 'expo',
51 warn ERESOLVE       version: '50.0.21',
51 warn ERESOLVE       whileInstalling: [Object],
51 warn ERESOLVE       location: 'node_modules/expo',
51 warn ERESOLVE       isWorkspace: false,
51 warn ERESOLVE       dependents: [Array]
51 warn ERESOLVE     }
51 warn ERESOLVE   }
51 warn ERESOLVE }
52 silly fetch manifest tailwindcss@~3
53 silly packumentCache full:https://registry.npmjs.org/tailwindcss cache-miss
54 http fetch GET 200 https://registry.npmjs.org/tailwindcss 275ms (cache updated)
55 silly packumentCache full:https://registry.npmjs.org/tailwindcss set size:undefined disposed:false
56 warn ERESOLVE overriding peer dependency {
56 warn ERESOLVE   code: 'ERESOLVE',
56 warn ERESOLVE   edge: {
56 warn ERESOLVE     type: 'peer',
56 warn ERESOLVE     name: 'tailwindcss',
56 warn ERESOLVE     spec: '~3',
56 warn ERESOLVE     error: 'INVALID',
56 warn ERESOLVE     from: {
56 warn ERESOLVE       name: 'react-native-css-interop',
56 warn ERESOLVE       version: '0.1.22',
56 warn ERESOLVE       location: 'node_modules/nativewind/node_modules/react-native-css-interop',
56 warn ERESOLVE       isWorkspace: false,
56 warn ERESOLVE       dependents: [Array]
56 warn ERESOLVE     }
56 warn ERESOLVE   },
56 warn ERESOLVE   dep: {
56 warn ERESOLVE     name: 'tailwindcss',
56 warn ERESOLVE     version: '3.4.17',
56 warn ERESOLVE     whileInstalling: {
56 warn ERESOLVE       name: 'react-native-css-interop',
56 warn ERESOLVE       version: '0.1.22',
56 warn ERESOLVE       path: '/home/user/node_modules/nativewind/node_modules/react-native-css-interop'
56 warn ERESOLVE     },
56 warn ERESOLVE     location: 'node_modules/tailwindcss',
56 warn ERESOLVE     isWorkspace: false,
56 warn ERESOLVE     dependents: [ [Object] ]
56 warn ERESOLVE   },
56 warn ERESOLVE   force: true,
56 warn ERESOLVE   isMine: false,
56 warn ERESOLVE   strictPeerDeps: false,
56 warn ERESOLVE   current: {
56 warn ERESOLVE     name: 'tailwindcss',
56 warn ERESOLVE     version: '4.1.4',
56 warn ERESOLVE     location: 'node_modules/tailwindcss',
56 warn ERESOLVE     isWorkspace: false,
56 warn ERESOLVE     dependents: [ [Object], [Object] ]
56 warn ERESOLVE   },
56 warn ERESOLVE   peerConflict: {
56 warn ERESOLVE     current: {
56 warn ERESOLVE       name: 'tailwindcss',
56 warn ERESOLVE       version: '4.1.4',
56 warn ERESOLVE       location: 'node_modules/tailwindcss',
56 warn ERESOLVE       isWorkspace: false,
56 warn ERESOLVE       dependents: [Array]
56 warn ERESOLVE     },
56 warn ERESOLVE     peer: {
56 warn ERESOLVE       name: 'tailwindcss',
56 warn ERESOLVE       version: '3.4.17',
56 warn ERESOLVE       whileInstalling: [Object],
56 warn ERESOLVE       location: 'node_modules/tailwindcss',
56 warn ERESOLVE       isWorkspace: false,
56 warn ERESOLVE       dependents: [Array]
56 warn ERESOLVE     }
56 warn ERESOLVE   }
56 warn ERESOLVE }
57 silly reify moves {}
58 silly audit bulk request {
58 silly audit   '@0no-co/graphql.web': [ '1.1.2' ],
58 silly audit   '@ampproject/remapping': [ '2.3.0' ],
58 silly audit   '@babel/code-frame': [ '7.26.2', '7.10.4' ],
58 silly audit   '@babel/compat-data': [ '7.26.8' ],
58 silly audit   '@babel/core': [ '7.26.10' ],
58 silly audit   '@babel/generator': [ '7.27.0' ],
58 silly audit   '@babel/helper-annotate-as-pure': [ '7.25.9' ],
58 silly audit   '@babel/helper-compilation-targets': [ '7.27.0' ],
58 silly audit   '@babel/helper-create-class-features-plugin': [ '7.27.0' ],
58 silly audit   '@babel/helper-create-regexp-features-plugin': [ '7.27.0' ],
58 silly audit   '@babel/helper-define-polyfill-provider': [ '0.6.4' ],
58 silly audit   '@babel/helper-member-expression-to-functions': [ '7.25.9' ],
58 silly audit   '@babel/helper-module-imports': [ '7.25.9' ],
58 silly audit   '@babel/helper-module-transforms': [ '7.26.0' ],
58 silly audit   '@babel/helper-optimise-call-expression': [ '7.25.9' ],
58 silly audit   '@babel/helper-plugin-utils': [ '7.26.5' ],
58 silly audit   '@babel/helper-remap-async-to-generator': [ '7.25.9' ],
58 silly audit   '@babel/helper-replace-supers': [ '7.26.5' ],
58 silly audit   '@babel/helper-skip-transparent-expression-wrappers': [ '7.25.9' ],
58 silly audit   '@babel/helper-string-parser': [ '7.25.9' ],
58 silly audit   '@babel/helper-validator-identifier': [ '7.25.9' ],
58 silly audit   '@babel/helper-validator-option': [ '7.25.9' ],
58 silly audit   '@babel/helper-wrap-function': [ '7.25.9' ],
58 silly audit   '@babel/helpers': [ '7.27.0' ],
58 silly audit   '@babel/highlight': [ '7.25.9' ],
58 silly audit   'ansi-styles': [ '3.2.1', '6.2.1', '4.3.0', '5.2.0' ],
58 silly audit   chalk: [ '2.4.2', '4.1.2' ],
58 silly audit   'color-convert': [ '1.9.3', '2.0.1' ],
58 silly audit   'color-name': [ '1.1.3', '1.1.4' ],
58 silly audit   'escape-string-regexp': [ '1.0.5', '4.0.0', '2.0.0' ],
58 silly audit   'has-flag': [ '3.0.0', '4.0.0' ],
58 silly audit   'supports-color': [ '5.5.0', '8.1.1', '7.2.0' ],
58 silly audit   '@babel/parser': [ '7.27.0' ],
58 silly audit   '@babel/plugin-bugfix-firefox-class-in-computed-class-key': [ '7.25.9' ],
58 silly audit   '@babel/plugin-bugfix-safari-class-field-initializer-scope': [ '7.25.9' ],
58 silly audit   '@babel/plugin-bugfix-safari-id-destructuring-collision-in-function-expression': [ '7.25.9' ],
58 silly audit   '@babel/plugin-bugfix-v8-spread-parameters-in-optional-chaining': [ '7.25.9' ],
58 silly audit   '@babel/plugin-bugfix-v8-static-class-fields-redefine-readonly': [ '7.25.9' ],
58 silly audit   '@babel/plugin-proposal-class-properties': [ '7.18.6' ],
58 silly audit   '@babel/plugin-proposal-decorators': [ '7.25.9' ],
58 silly audit   '@babel/plugin-proposal-export-default-from': [ '7.25.9' ],
58 silly audit   '@babel/plugin-proposal-nullish-coalescing-operator': [ '7.18.6' ],
58 silly audit   '@babel/plugin-proposal-optional-chaining': [ '7.21.0' ],
58 silly audit   '@babel/plugin-proposal-private-property-in-object': [ '7.21.0-placeholder-for-preset-env.2' ],
58 silly audit   '@babel/plugin-syntax-async-generators': [ '7.8.4' ],
58 silly audit   '@babel/plugin-syntax-bigint': [ '7.8.3' ],
58 silly audit   '@babel/plugin-syntax-class-properties': [ '7.12.13' ],
58 silly audit   '@babel/plugin-syntax-class-static-block': [ '7.14.5' ],
58 silly audit   '@babel/plugin-syntax-decorators': [ '7.25.9' ],
58 silly audit   '@babel/plugin-syntax-dynamic-import': [ '7.8.3' ],
58 silly audit   '@babel/plugin-syntax-export-default-from': [ '7.25.9' ],
58 silly audit   '@babel/plugin-syntax-flow': [ '7.26.0' ],
58 silly audit   '@babel/plugin-syntax-import-assertions': [ '7.26.0' ],
58 silly audit   '@babel/plugin-syntax-import-attributes': [ '7.26.0' ],
58 silly audit   '@babel/plugin-syntax-import-meta': [ '7.10.4' ],
58 silly audit   '@babel/plugin-syntax-json-strings': [ '7.8.3' ],
58 silly audit   '@babel/plugin-syntax-jsx': [ '7.25.9' ],
58 silly audit   '@babel/plugin-syntax-logical-assignment-operators': [ '7.10.4' ],
58 silly audit   '@babel/plugin-syntax-nullish-coalescing-operator': [ '7.8.3' ],
58 silly audit   '@babel/plugin-syntax-numeric-separator': [ '7.10.4' ],
58 silly audit   '@babel/plugin-syntax-object-rest-spread': [ '7.8.3' ],
58 silly audit   '@babel/plugin-syntax-optional-catch-binding': [ '7.8.3' ],
58 silly audit   '@babel/plugin-syntax-optional-chaining': [ '7.8.3' ],
58 silly audit   '@babel/plugin-syntax-private-property-in-object': [ '7.14.5' ],
58 silly audit   '@babel/plugin-syntax-top-level-await': [ '7.14.5' ],
58 silly audit   '@babel/plugin-syntax-typescript': [ '7.25.9' ],
58 silly audit   '@babel/plugin-syntax-unicode-sets-regex': [ '7.18.6' ],
58 silly audit   '@babel/plugin-transform-arrow-functions': [ '7.25.9' ],
58 silly audit   '@babel/plugin-transform-async-generator-functions': [ '7.26.8' ],
58 silly audit   '@babel/plugin-transform-async-to-generator': [ '7.25.9' ],
58 silly audit   '@babel/plugin-transform-block-scoped-functions': [ '7.26.5' ],
58 silly audit   '@babel/plugin-transform-block-scoping': [ '7.27.0' ],
58 silly audit   '@babel/plugin-transform-class-properties': [ '7.25.9' ],
58 silly audit   '@babel/plugin-transform-class-static-block': [ '7.26.0' ],
58 silly audit   '@babel/plugin-transform-classes': [ '7.25.9' ],
58 silly audit   '@babel/plugin-transform-computed-properties': [ '7.25.9' ],
58 silly audit   '@babel/plugin-transform-destructuring': [ '7.25.9' ],
58 silly audit   '@babel/plugin-transform-dotall-regex': [ '7.25.9' ],
58 silly audit   '@babel/plugin-transform-duplicate-keys': [ '7.25.9' ],
58 silly audit   '@babel/plugin-transform-duplicate-named-capturing-groups-regex': [ '7.25.9' ],
58 silly audit   '@babel/plugin-transform-dynamic-import': [ '7.25.9' ],
58 silly audit   '@babel/plugin-transform-exponentiation-operator': [ '7.26.3' ],
58 silly audit   '@babel/plugin-transform-export-namespace-from': [ '7.25.9' ],
58 silly audit   '@babel/plugin-transform-flow-strip-types': [ '7.26.5' ],
58 silly audit   '@babel/plugin-transform-for-of': [ '7.26.9' ],
58 silly audit   '@babel/plugin-transform-function-name': [ '7.25.9' ],
58 silly audit   '@babel/plugin-transform-json-strings': [ '7.25.9' ],
58 silly audit   '@babel/plugin-transform-literals': [ '7.25.9' ],
58 silly audit   '@babel/plugin-transform-logical-assignment-operators': [ '7.25.9' ],
58 silly audit   '@babel/plugin-transform-member-expression-literals': [ '7.25.9' ],
58 silly audit   '@babel/plugin-transform-modules-amd': [ '7.25.9' ],
58 silly audit   '@babel/plugin-transform-modules-commonjs': [ '7.26.3' ],
58 silly audit   '@babel/plugin-transform-modules-systemjs': [ '7.25.9' ],
58 silly audit   '@babel/plugin-transform-modules-umd': [ '7.25.9' ],
58 silly audit   '@babel/plugin-transform-named-capturing-groups-regex': [ '7.25.9' ],
58 silly audit   '@babel/plugin-transform-new-target': [ '7.25.9' ],
58 silly audit   '@babel/plugin-transform-nullish-coalescing-operator': [ '7.26.6' ],
58 silly audit   '@babel/plugin-transform-numeric-separator': [ '7.25.9' ],
58 silly audit   '@babel/plugin-transform-object-rest-spread': [ '7.25.9' ],
58 silly audit   '@babel/plugin-transform-object-super': [ '7.25.9' ],
58 silly audit   '@babel/plugin-transform-optional-catch-binding': [ '7.25.9' ],
58 silly audit   '@babel/plugin-transform-optional-chaining': [ '7.25.9' ],
58 silly audit   '@babel/plugin-transform-parameters': [ '7.25.9' ],
58 silly audit   '@babel/plugin-transform-private-methods': [ '7.25.9' ],
58 silly audit   '@babel/plugin-transform-private-property-in-object': [ '7.25.9' ],
58 silly audit   '@babel/plugin-transform-property-literals': [ '7.25.9' ],
58 silly audit   '@babel/plugin-transform-react-display-name': [ '7.25.9' ],
58 silly audit   '@babel/plugin-transform-react-jsx': [ '7.25.9' ],
58 silly audit   '@babel/plugin-transform-react-jsx-development': [ '7.25.9' ],
58 silly audit   '@babel/plugin-transform-react-jsx-self': [ '7.25.9' ],
58 silly audit   '@babel/plugin-transform-react-jsx-source': [ '7.25.9' ],
58 silly audit   '@babel/plugin-transform-react-pure-annotations': [ '7.25.9' ],
58 silly audit   '@babel/plugin-transform-regenerator': [ '7.27.0' ],
58 silly audit   '@babel/plugin-transform-regexp-modifiers': [ '7.26.0' ],
58 silly audit   '@babel/plugin-transform-reserved-words': [ '7.25.9' ],
58 silly audit   '@babel/plugin-transform-runtime': [ '7.26.10' ],
58 silly audit   '@babel/plugin-transform-shorthand-properties': [ '7.25.9' ],
58 silly audit   '@babel/plugin-transform-spread': [ '7.25.9' ],
58 silly audit   '@babel/plugin-transform-sticky-regex': [ '7.25.9' ],
58 silly audit   '@babel/plugin-transform-template-literals': [ '7.26.8' ],
58 silly audit   '@babel/plugin-transform-typeof-symbol': [ '7.27.0' ],
58 silly audit   '@babel/plugin-transform-typescript': [ '7.27.0' ],
58 silly audit   '@babel/plugin-transform-unicode-escapes': [ '7.25.9' ],
58 silly audit   '@babel/plugin-transform-unicode-property-regex': [ '7.25.9' ],
58 silly audit   '@babel/plugin-transform-unicode-regex': [ '7.25.9' ],
58 silly audit   '@babel/plugin-transform-unicode-sets-regex': [ '7.25.9' ],
58 silly audit   '@babel/preset-env': [ '7.26.9' ],
58 silly audit   '@babel/preset-flow': [ '7.25.9' ],
58 silly audit   '@babel/preset-modules': [ '0.1.6-no-external-plugins' ],
58 silly audit   '@babel/preset-react': [ '7.26.3' ],
58 silly audit   '@babel/preset-typescript': [ '7.27.0' ],
58 silly audit   '@babel/register': [ '7.25.9' ],
58 silly audit   '@babel/runtime': [ '7.27.0' ],
58 silly audit   '@babel/template': [ '7.27.0' ],
58 silly audit   '@babel/traverse': [ '7.27.0' ],
58 silly audit   '@babel/types': [ '7.27.0' ],
58 silly audit   '@egjs/hammerjs': [ '2.0.17' ],
58 silly audit   '@emotion/is-prop-valid': [ '0.8.8' ],
58 silly audit   '@emotion/memoize': [ '0.7.4' ],
58 silly audit   '@expo/bunyan': [ '4.0.1' ],
58 silly audit   '@expo/cli': [ '0.22.26' ],
58 silly audit   semver: [ '7.7.1', '7.5.4', '5.7.2', '7.3.2', '7.6.3', '6.3.1' ],
58 silly audit   '@expo/code-signing-certificates': [ '0.0.5' ],
58 silly audit   '@expo/config': [ '10.0.11' ],
58 silly audit   '@expo/config-plugins': [ '9.0.17' ],
58 silly audit   '@expo/config-types': [ '52.0.5' ],
58 silly audit   '@expo/devcert': [ '1.2.0' ],
58 silly audit   debug: [ '3.2.7', '2.6.9', '4.4.0' ],
58 silly audit   '@expo/env': [ '0.4.2' ],
58 silly audit   '@expo/fingerprint': [ '0.11.11' ],
58 silly audit   '@expo/image-utils': [ '0.6.5', '0.3.23' ],
58 silly audit   'fs-extra': [ '9.0.0', '9.1.0', '11.3.0', '8.1.0' ],
58 silly audit   jsonfile: [ '6.1.0', '4.0.0' ],
58 silly audit   universalify: [ '2.0.1', '1.0.0', '0.1.2' ],
58 silly audit   '@expo/json-file': [ '9.0.2' ],
58 silly audit   '@expo/metro-config': [ '0.19.12' ],
58 silly audit   postcss: [ '8.4.49', '8.5.3' ],
58 silly audit   '@expo/metro-runtime': [ '4.0.1' ],
58 silly audit   '@expo/osascript': [ '2.1.6' ],
58 silly audit   '@expo/package-manager': [ '1.7.2' ],
58 silly audit   '@expo/plist': [ '0.2.2' ],
58 silly audit   '@expo/prebuild-config': [ '8.2.0' ],
58 silly audit   '@expo/rudder-sdk-node': [ '1.1.1' ],
58 silly audit   '@expo/sdk-runtime-versions': [ '1.0.0' ],
58 silly audit   '@expo/server': [ '0.5.3' ],
58 silly audit   '@expo/spawn-async': [ '1.7.2', '1.5.0' ],
58 silly audit   '@expo/sudo-prompt': [ '9.3.2' ],
58 silly audit   '@expo/vector-icons': [ '14.1.0' ],
58 silly audit   '@expo/webpack-config': [ '19.0.1' ],
58 silly audit   'lru-cache': [ '6.0.0', '10.4.3', '5.1.1' ],
58 silly audit   yallist: [ '4.0.0', '3.1.1' ],
58 silly audit   '@expo/ws-tunnel': [ '1.0.6' ],
58 silly audit   '@expo/xcpretty': [ '4.3.2' ],
58 silly audit   argparse: [ '2.0.1', '1.0.10' ],
58 silly audit   'js-yaml': [ '4.1.0', '3.14.1' ],
58 silly audit   '@floating-ui/core': [ '1.6.9' ],
58 silly audit   '@floating-ui/dom': [ '1.6.13' ],
58 silly audit   '@floating-ui/utils': [ '0.2.9' ],
58 silly audit   '@isaacs/cliui': [ '8.0.2' ],
58 silly audit   'wrap-ansi': [ '8.1.0', '7.0.0' ],
58 silly audit   '@isaacs/ttlcache': [ '1.4.1' ],
58 silly audit   '@istanbuljs/load-nyc-config': [ '1.1.0' ],
58 silly audit   'find-up': [ '4.1.0', '5.0.0', '3.0.0' ],
58 silly audit   'locate-path': [ '5.0.0', '6.0.0', '3.0.0' ],
58 silly audit   'p-limit': [ '2.3.0', '3.1.0' ],
58 silly audit   'p-locate': [ '4.1.0', '5.0.0', '3.0.0' ],
58 silly audit   '@istanbuljs/schema': [ '0.1.3' ],
58 silly audit   '@jest/create-cache-key-function': [ '29.7.0' ],
58 silly audit   '@jest/environment': [ '29.7.0' ],
58 silly audit   '@jest/fake-timers': [ '29.7.0' ],
58 silly audit   '@jest/schemas': [ '29.6.3' ],
58 silly audit   '@jest/transform': [ '29.7.0' ],
58 silly audit   'signal-exit': [ '3.0.7', '4.1.0' ],
58 silly audit   'write-file-atomic': [ '4.0.2', '2.4.3' ],
58 silly audit   '@jest/types': [ '29.6.3' ],
58 silly audit   '@jridgewell/gen-mapping': [ '0.3.8' ],
58 silly audit   '@jridgewell/resolve-uri': [ '3.1.2' ],
58 silly audit   '@jridgewell/set-array': [ '1.2.1' ],
58 silly audit   '@jridgewell/source-map': [ '0.3.6' ],
58 silly audit   '@jridgewell/sourcemap-codec': [ '1.5.0' ],
58 silly audit   '@jridgewell/trace-mapping': [ '0.3.25' ],
58 silly audit   '@leichtgewicht/ip-codec': [ '2.0.5' ],
58 silly audit   '@motionone/animation': [ '10.18.0' ],
58 silly audit   '@motionone/dom': [ '10.12.0' ],
58 silly audit   '@motionone/easing': [ '10.18.0' ],
58 silly audit   '@motionone/generators': [ '10.18.0' ],
58 silly audit   '@motionone/types': [ '10.17.1' ],
58 silly audit   '@motionone/utils': [ '10.18.0' ],
58 silly audit   '@nodelib/fs.scandir': [ '2.1.5' ],
58 silly audit   '@nodelib/fs.stat': [ '2.0.5' ],
58 silly audit   '@nodelib/fs.walk': [ '1.2.8' ],
58 silly audit   '@npmcli/fs': [ '3.1.1' ],
58 silly audit   '@pkgjs/parseargs': [ '0.11.0' ],
58 silly audit   '@radix-ui/react-compose-refs': [ '1.0.0' ],
58 silly audit   '@radix-ui/react-slot': [ '1.0.1' ],
58 silly audit   '@react-native-async-storage/async-storage': [ '2.1.2' ],
58 silly audit   '@react-native/assets-registry': [ '0.76.9' ],
58 silly audit   '@react-native/babel-plugin-codegen': [ '0.76.9' ],
58 silly audit   '@react-native/babel-preset': [ '0.76.9' ],
58 silly audit   '@react-native/codegen': [ '0.76.9' ],
58 silly audit   glob: [ '7.2.3', '10.4.5' ],
58 silly audit   '@react-native/community-cli-plugin': [ '0.76.9' ],
58 silly audit   execa: [ '5.1.1', '1.0.0' ],
58 silly audit   'get-stream': [ '6.0.1', '4.1.0' ],
58 silly audit   'is-stream': [ '2.0.1', '1.1.0' ],
58 silly audit   'mimic-fn': [ '2.1.0', '1.2.0' ],
58 silly audit   'npm-run-path': [ '4.0.1', '2.0.2' ],
58 silly audit   onetime: [ '5.1.2', '2.0.1' ],
58 silly audit   '@react-native/debugger-frontend': [ '0.76.9' ],
58 silly audit   '@react-native/dev-middleware': [ '0.76.9' ],
58 silly audit   ms: [ '2.0.0', '2.1.3' ],
58 silly audit   ws: [ '6.2.3', '7.5.10', '8.18.1' ],
58 silly audit   '@react-native/gradle-plugin': [ '0.76.9' ],
58 silly audit   '@react-native/js-polyfills': [ '0.76.9' ],
58 silly audit   '@react-native/metro-babel-transformer': [ '0.76.9' ],
58 silly audit   '@react-native/normalize-color': [ '2.1.0' ],
58 silly audit   '@react-native/normalize-colors': [ '0.76.9', '0.74.89' ],
58 silly audit   '@react-native/virtualized-lists': [ '0.76.9' ],
58 silly audit   '@react-navigation/bottom-tabs': [ '7.3.10' ],
58 silly audit   '@react-navigation/core': [ '7.8.5' ],
58 silly audit   nanoid: [ '3.3.8', '3.3.11' ],
58 silly audit   '@react-navigation/elements': [ '2.3.8' ],
58 silly audit   '@react-navigation/native': [ '7.1.6' ],
58 silly audit   '@react-navigation/native-stack': [ '7.3.10' ],
58 silly audit   '@react-navigation/routers': [ '7.3.5' ],
58 silly audit   '@segment/loosely-validate-event': [ '2.0.0' ],
58 silly audit   '@sinclair/typebox': [ '0.27.8' ],
58 silly audit   '@sinonjs/commons': [ '3.0.1' ],
58 silly audit   '@sinonjs/fake-timers': [ '10.3.0' ],
58 silly audit   '@supabase/auth-js': [ '2.69.1' ],
58 silly audit   '@supabase/functions-js': [ '2.4.4' ],
58 silly audit   '@supabase/node-fetch': [ '2.6.15' ],
58 silly audit   '@supabase/postgrest-js': [ '1.19.4' ],
58 silly audit   '@supabase/realtime-js': [ '2.11.2' ],
58 silly audit   '@supabase/storage-js': [ '2.7.1' ],
58 silly audit   '@supabase/supabase-js': [ '2.49.4' ],
58 silly audit   '@tamagui/accordion': [ '1.126.1' ],
58 silly audit   '@tamagui/adapt': [ '1.126.1' ],
58 silly audit   '@tamagui/alert-dialog': [ '1.126.1' ],
58 silly audit   '@tamagui/animate': [ '1.126.1' ],
58 silly audit   '@tamagui/animate-presence': [ '1.126.1' ],
58 silly audit   '@tamagui/animations-moti': [ '1.126.1' ],
58 silly audit   moti: [ '0.29.0' ],
58 silly audit   'framer-motion': [ '6.5.1' ],
58 silly audit   '@tamagui/animations-react-native': [ '1.126.1' ],
58 silly audit   '@tamagui/aria-hidden': [ '1.126.1' ],
58 silly audit   '@tamagui/avatar': [ '1.126.1' ],
58 silly audit   '@tamagui/button': [ '1.126.1' ],
58 silly audit   '@tamagui/card': [ '1.126.1' ],
58 silly audit   '@tamagui/checkbox': [ '1.126.1' ],
58 silly audit   '@tamagui/checkbox-headless': [ '1.126.1' ],
58 silly audit   '@tamagui/label': [ '1.126.1' ],
58 silly audit   '@tamagui/collapsible': [ '1.126.1' ],
58 silly audit   '@tamagui/collection': [ '1.126.1' ],
58 silly audit   '@tamagui/colors': [ '1.126.1' ],
58 silly audit   '@tamagui/compose-refs': [ '1.126.1' ],
58 silly audit   '@tamagui/config': [ '1.126.1' ],
58 silly audit   '@tamagui/animations-css': [ '1.126.1' ],
58 silly audit   '@tamagui/constants': [ '1.126.1' ],
58 silly audit   '@tamagui/core': [ '1.126.1' ],
58 silly audit   '@tamagui/create-context': [ '1.126.1' ],
58 silly audit   '@tamagui/create-theme': [ '1.126.1' ],
58 silly audit   '@tamagui/cubic-bezier-animator': [ '1.126.1' ],
58 silly audit   '@tamagui/dialog': [ '1.126.1' ],
58 silly audit   '@tamagui/dismissable': [ '1.126.1' ],
58 silly audit   '@tamagui/elements': [ '1.126.1' ],
58 silly audit   '@tamagui/fake-react-native': [ '1.126.1' ],
58 silly audit   '@tamagui/floating': [ '1.126.1' ],
58 silly audit   '@floating-ui/react-dom': [ '2.1.2' ],
58 silly audit   '@floating-ui/react-native': [ '0.10.7' ],
58 silly audit   '@tamagui/focus-scope': [ '1.126.1' ],
58 silly audit   '@tamagui/focusable': [ '1.126.1' ],
58 silly audit   '@tamagui/font-inter': [ '1.126.1' ],
58 silly audit   '@tamagui/font-silkscreen': [ '1.126.1' ],
58 silly audit   '@tamagui/font-size': [ '1.126.1' ],
58 silly audit   '@tamagui/form': [ '1.126.1' ],
58 silly audit   '@tamagui/get-button-sized': [ '1.126.1' ],
58 silly audit   '@tamagui/get-font-sized': [ '1.126.1' ],
58 silly audit   '@tamagui/get-token': [ '1.126.1' ],
58 silly audit   '@tamagui/group': [ '1.126.1' ],
58 silly audit   '@tamagui/helpers': [ '1.126.1' ],
58 silly audit   '@tamagui/helpers-tamagui': [ '1.126.1' ],
58 silly audit   '@tamagui/image': [ '1.126.1' ],
58 silly audit   '@tamagui/linear-gradient': [ '1.126.1' ],
58 silly audit   '@tamagui/list-item': [ '1.126.1' ],
58 silly audit   '@tamagui/normalize-css-color': [ '1.126.1' ],
58 silly audit   '@tamagui/polyfill-dev': [ '1.126.1' ],
58 silly audit   '@tamagui/popover': [ '1.126.1' ],
58 silly audit   '@floating-ui/react': [ '0.27.7' ],
58 silly audit   '@tamagui/popper': [ '1.126.1' ],
58 silly audit   '@tamagui/portal': [ '1.126.1' ],
58 silly audit   '@tamagui/progress': [ '1.126.1' ],
58 silly audit   '@tamagui/radio-group': [ '1.126.1' ],
58 silly audit   '@tamagui/radio-headless': [ '1.126.1' ],
58 silly audit   '@tamagui/react-native-media-driver': [ '1.126.1' ],
58 silly audit   '@tamagui/react-native-use-pressable': [ '1.126.1' ],
58 silly audit   '@tamagui/react-native-use-responder-events': [ '1.126.1' ],
58 silly audit   '@tamagui/remove-scroll': [ '1.126.1' ],
58 silly audit   '@tamagui/roving-focus': [ '1.126.1' ],
58 silly audit   '@tamagui/scroll-view': [ '1.126.1' ],
58 silly audit   '@tamagui/select': [ '1.126.1' ],
58 silly audit   '@tamagui/separator': [ '1.126.1' ],
58 silly audit   '@tamagui/shapes': [ '1.126.1' ],
58 silly audit   '@tamagui/sheet': [ '1.126.1' ],
58 silly audit   '@tamagui/shorthands': [ '1.126.1' ],
58 silly audit   '@tamagui/simple-hash': [ '1.126.1' ],
58 silly audit   '@tamagui/slider': [ '1.126.1' ],
58 silly audit   '@tamagui/stacks': [ '1.126.1' ],
58 silly audit   '@tamagui/start-transition': [ '1.126.1' ],
58 silly audit   '@tamagui/switch': [ '1.126.1' ],
58 silly audit   '@tamagui/switch-headless': [ '1.126.1' ],
58 silly audit   '@tamagui/tabs': [ '1.126.1' ],
58 silly audit   '@tamagui/text': [ '1.126.1' ],
58 silly audit   '@tamagui/theme': [ '1.126.1' ],
58 silly audit   '@tamagui/theme-builder': [ '1.126.1' ],
58 silly audit   '@tamagui/themes': [ '1.126.1' ],
58 silly audit   '@tamagui/timer': [ '1.126.1' ],
58 silly audit   '@tamagui/toggle-group': [ '1.126.1' ],
58 silly audit   '@tamagui/tooltip': [ '1.126.1' ],
58 silly audit   '@tamagui/types': [ '1.126.1' ],
58 silly audit   '@tamagui/use-callback-ref': [ '1.126.1' ],
58 silly audit   '@tamagui/use-constant': [ '1.126.1' ],
58 silly audit   '@tamagui/use-controllable-state': [ '1.126.1' ],
58 silly audit   '@tamagui/use-debounce': [ '1.126.1' ],
58 silly audit   '@tamagui/use-did-finish-ssr': [ '1.126.1' ],
58 silly audit   '@tamagui/use-direction': [ '1.126.1' ],
58 silly audit   '@tamagui/use-escape-keydown': [ '1.126.1' ],
58 silly audit   '@tamagui/use-event': [ '1.126.1' ],
58 silly audit   '@tamagui/use-force-update': [ '1.126.1' ],
58 silly audit   '@tamagui/use-keyboard-visible': [ '1.126.1' ],
58 silly audit   '@tamagui/use-presence': [ '1.126.1' ],
58 silly audit   '@tamagui/use-previous': [ '1.126.1' ],
58 silly audit   '@tamagui/use-window-dimensions': [ '1.126.1' ],
58 silly audit   '@tamagui/visually-hidden': [ '1.126.1' ],
58 silly audit   '@tamagui/web': [ '1.126.1' ],
58 silly audit   '@tamagui/z-index-stack': [ '1.126.1' ],
58 silly audit   '@trysound/sax': [ '0.2.0' ],
58 silly audit   '@types/babel__core': [ '7.20.5' ],
58 silly audit   '@types/babel__generator': [ '7.27.0' ],
58 silly audit   '@types/babel__template': [ '7.4.4' ],
58 silly audit   '@types/babel__traverse': [ '7.20.7' ],
58 silly audit   '@types/body-parser': [ '1.19.5' ],
58 silly audit   '@types/bonjour': [ '3.5.13' ],
58 silly audit   '@types/connect': [ '3.4.38' ],
58 silly audit   '@types/connect-history-api-fallback': [ '1.5.4' ],
58 silly audit   '@types/eslint': [ '9.6.1' ],
58 silly audit   '@types/eslint-scope': [ '3.7.7' ],
58 silly audit   '@types/estree': [ '1.0.7' ],
58 silly audit   '@types/express': [ '4.17.21' ],
58 silly audit   '@types/express-serve-static-core': [ '5.0.6', '4.19.6' ],
58 silly audit   '@types/glob': [ '7.2.0' ],
58 silly audit   '@types/graceful-fs': [ '4.1.9' ],
58 silly audit   '@types/hammerjs': [ '2.0.46' ],
58 silly audit   '@types/html-minifier-terser': [ '6.1.0' ],
58 silly audit   '@types/http-errors': [ '2.0.4' ],
58 silly audit   '@types/http-proxy': [ '1.17.16' ],
58 silly audit   '@types/istanbul-lib-coverage': [ '2.0.6' ],
58 silly audit   '@types/istanbul-lib-report': [ '3.0.3' ],
58 silly audit   '@types/istanbul-reports': [ '3.0.4' ],
58 silly audit   '@types/json-schema': [ '7.0.15' ],
58 silly audit   '@types/mime': [ '1.3.5' ],
58 silly audit   '@types/minimatch': [ '5.1.2' ],
58 silly audit   '@types/node': [ '22.14.1' ],
58 silly audit   '@types/node-forge': [ '1.3.11' ],
58 silly audit   '@types/phoenix': [ '1.6.6' ],
58 silly audit   '@types/prop-types': [ '15.7.14' ],
58 silly audit   '@types/qs': [ '6.9.18' ],
58 silly audit   '@types/range-parser': [ '1.2.7' ],
58 silly audit   '@types/react': [ '18.3.20' ],
58 silly audit   '@types/retry': [ '0.12.0' ],
58 silly audit   '@types/send': [ '0.17.4' ],
58 silly audit   '@types/serve-index': [ '1.9.4' ],
58 silly audit   '@types/serve-static': [ '1.15.7' ],
58 silly audit   '@types/sockjs': [ '0.3.36' ],
58 silly audit   '@types/stack-utils': [ '2.0.3' ],
58 silly audit   '@types/ws': [ '8.18.1' ],
58 silly audit   '@types/yargs': [ '17.0.33' ],
58 silly audit   '@types/yargs-parser': [ '21.0.3' ],
58 silly audit   '@urql/core': [ '5.1.1' ],
58 silly audit   '@urql/exchange-retry': [ '1.3.1' ],
58 silly audit   '@webassemblyjs/ast': [ '1.14.1' ],
58 silly audit   '@webassemblyjs/floating-point-hex-parser': [ '1.13.2' ],
58 silly audit   '@webassemblyjs/helper-api-error': [ '1.13.2' ],
58 silly audit   '@webassemblyjs/helper-buffer': [ '1.14.1' ],
58 silly audit   '@webassemblyjs/helper-numbers': [ '1.13.2' ],
58 silly audit   '@webassemblyjs/helper-wasm-bytecode': [ '1.13.2' ],
58 silly audit   '@webassemblyjs/helper-wasm-section': [ '1.14.1' ],
58 silly audit   '@webassemblyjs/ieee754': [ '1.13.2' ],
58 silly audit   '@webassemblyjs/leb128': [ '1.13.2' ],
58 silly audit   '@webassemblyjs/utf8': [ '1.13.2' ],
58 silly audit   '@webassemblyjs/wasm-edit': [ '1.14.1' ],
58 silly audit   '@webassemblyjs/wasm-gen': [ '1.14.1' ],
58 silly audit   '@webassemblyjs/wasm-opt': [ '1.14.1' ],
58 silly audit   '@webassemblyjs/wasm-parser': [ '1.14.1' ],
58 silly audit   '@webassemblyjs/wast-printer': [ '1.14.1' ],
58 silly audit   '@xmldom/xmldom': [ '0.7.13', '0.8.10' ],
58 silly audit   '@xtuc/ieee754': [ '1.2.0' ],
58 silly audit   '@xtuc/long': [ '4.2.2' ],
58 silly audit   abab: [ '2.0.6' ],
58 silly audit   'abort-controller': [ '3.0.0' ],
58 silly audit   accepts: [ '1.3.8' ],
58 silly audit   acorn: [ '8.14.1' ],
58 silly audit   'aggregate-error': [ '3.1.0' ],
58 silly audit   ajv: [ '8.17.1', '6.12.6' ],
58 silly audit   'ajv-formats': [ '2.1.1' ],
58 silly audit   'ajv-keywords': [ '5.1.0', '3.5.2' ],
58 silly audit   anser: [ '1.4.10' ],
58 silly audit   'ansi-escapes': [ '4.3.2' ],
58 silly audit   'type-fest': [ '0.21.3', '0.3.1', '0.16.0', '0.7.1' ],
58 silly audit   'ansi-html-community': [ '0.0.8' ],
58 silly audit   'ansi-regex': [ '5.0.1', '4.1.1', '6.1.0' ],
58 silly audit   'any-promise': [ '1.3.0' ],
58 silly audit   anymatch: [ '3.1.3' ],
58 silly audit   picomatch: [ '2.3.1', '3.0.1' ],
58 silly audit   arg: [ '5.0.2' ],
58 silly audit   'aria-hidden': [ '1.2.4' ],
58 silly audit   'array-flatten': [ '1.1.1' ],
58 silly audit   'array-timsort': [ '1.0.3' ],
58 silly audit   'array-union': [ '2.1.0', '1.0.2', '3.0.1' ],
58 silly audit   'array-uniq': [ '1.0.3' ],
58 silly audit   asap: [ '2.0.6' ],
58 silly audit   'ast-types': [ '0.15.2' ],
58 silly audit   'async-limiter': [ '1.0.1' ],
58 silly audit   asynckit: [ '0.4.0' ],
58 silly audit   'at-least-node': [ '1.0.0' ],
58 silly audit   autoprefixer: [ '10.4.21' ],
58 silly audit   'babel-core': [ '7.0.0-bridge.0' ],
58 silly audit   'babel-jest': [ '29.7.0' ],
58 silly audit   'babel-loader': [ '8.4.1' ],
58 silly audit   'find-cache-dir': [ '3.3.2', '2.1.0' ],
58 silly audit   'json-schema-traverse': [ '0.4.1', '1.0.0' ],
58 silly audit   'make-dir': [ '3.1.0', '2.1.0' ],
58 silly audit   'pkg-dir': [ '4.2.0', '3.0.0' ],
58 silly audit   'schema-utils': [ '2.7.1', '4.3.0' ],
58 silly audit   'babel-plugin-istanbul': [ '6.1.1' ],
58 silly audit   'babel-plugin-jest-hoist': [ '29.6.3' ],
58 silly audit   'babel-plugin-polyfill-corejs2': [ '0.4.13' ],
58 silly audit   'babel-plugin-polyfill-corejs3': [ '0.11.1' ],
58 silly audit   'babel-plugin-polyfill-regenerator': [ '0.6.4' ],
58 silly audit   'babel-plugin-react-native-web': [ '0.19.13' ],
58 silly audit   'babel-plugin-syntax-hermes-parser': [ '0.25.1', '0.23.1' ],
58 silly audit   'hermes-estree': [ '0.25.1', '0.23.1' ],
58 silly audit   'hermes-parser': [ '0.25.1', '0.23.1' ],
58 silly audit   'babel-plugin-transform-flow-enums': [ '0.0.2' ],
58 silly audit   'babel-plugin-transform-inline-environment-variables': [ '0.4.4' ],
58 silly audit   'babel-preset-current-node-syntax': [ '1.1.0' ],
58 silly audit   'babel-preset-expo': [ '12.0.11' ],
58 silly audit   'babel-preset-jest': [ '29.6.3' ],
58 silly audit   'balanced-match': [ '1.0.2' ],
58 silly audit   'base64-js': [ '1.5.1' ],
58 silly audit   batch: [ '0.6.1' ],
58 silly audit   'better-opn': [ '3.0.2' ],
58 silly audit   open: [ '8.4.2', '7.4.2' ],
58 silly audit   'big-integer': [ '1.6.52' ],
58 silly audit   'big.js': [ '5.2.2' ],
58 silly audit   'binary-extensions': [ '2.3.0' ],
58 silly audit   'body-parser': [ '1.20.3' ],
58 silly audit   'iconv-lite': [ '0.4.24', '0.6.3' ],
58 silly audit   'on-finished': [ '2.4.1', '2.3.0' ],
58 silly audit   'bonjour-service': [ '1.3.0' ],
58 silly audit   boolbase: [ '1.0.0' ],
58 silly audit   'bplist-creator': [ '0.0.7', '0.1.0' ],
58 silly audit   'bplist-parser': [ '0.3.2', '0.3.1' ],
58 silly audit   'brace-expansion': [ '1.1.11', '2.0.1' ],
58 silly audit   braces: [ '3.0.3' ],
58 silly audit   browserslist: [ '4.24.4' ],
58 silly audit   bser: [ '2.1.1' ],
58 silly audit   buffer: [ '5.7.1' ],
58 silly audit   'buffer-alloc': [ '1.2.0' ],
58 silly audit   'buffer-alloc-unsafe': [ '1.1.0' ],
58 silly audit   'buffer-fill': [ '1.0.0' ],
58 silly audit   'buffer-from': [ '1.1.2' ],
58 silly audit   bytes: [ '3.1.2' ],
58 silly audit   cacache: [ '18.0.4' ],
58 silly audit   'call-bind-apply-helpers': [ '1.0.2' ],
58 silly audit   'call-bound': [ '1.0.4' ],
58 silly audit   'caller-callsite': [ '2.0.0' ],
58 silly audit   'caller-path': [ '2.0.0' ],
58 silly audit   callsites: [ '2.0.0' ],
58 silly audit   'camel-case': [ '4.1.2' ],
58 silly audit   camelcase: [ '5.3.1', '6.3.0' ],
58 silly audit   'caniuse-api': [ '3.0.0' ],
58 silly audit   'caniuse-lite': [ '1.0.30001715' ],
58 silly audit   charenc: [ '0.0.2' ],
58 silly audit   chokidar: [ '3.6.0' ],
58 silly audit   chownr: [ '2.0.0' ],
58 silly audit   'chrome-launcher': [ '0.15.2' ],
58 silly audit   'chrome-trace-event': [ '1.0.4' ],
58 silly audit   'chromium-edge-launcher': [ '0.2.0' ],
58 silly audit   mkdirp: [ '1.0.4', '0.5.6' ],
58 silly audit   'ci-info': [ '3.9.0', '2.0.0' ],
58 silly audit   'clean-css': [ '5.3.3' ],
58 silly audit   'source-map': [ '0.6.1', '0.5.7' ],
58 silly audit   'clean-stack': [ '2.2.0' ],
58 silly audit   'clean-webpack-plugin': [ '4.0.0' ],
58 silly audit   del: [ '4.1.1', '6.1.1' ],
58 silly audit   globby: [ '6.1.0', '12.2.0', '11.1.0' ],
58 silly audit   pify: [ '2.3.0', '4.0.1' ],
58 silly audit   'p-map': [ '2.1.0', '4.0.0' ],
58 silly audit   rimraf: [ '2.7.1', '3.0.2', '2.6.3' ],
58 silly audit   'cli-cursor': [ '2.1.0' ],
58 silly audit   'cli-spinners': [ '2.9.2' ],
58 silly audit   'client-only': [ '0.0.1' ],
58 silly audit   cliui: [ '8.0.1' ],
58 silly audit   'emoji-regex': [ '8.0.0', '9.2.2' ],
58 silly audit   'string-width': [ '4.2.3', '5.1.2' ],
58 silly audit   'strip-ansi': [ '6.0.1', '5.2.0', '7.1.0' ],
58 silly audit   clone: [ '1.0.4' ],
58 silly audit   'clone-deep': [ '4.0.1' ],
58 silly audit   color: [ '4.2.3' ],
58 silly audit   'color-string': [ '1.9.1' ],
58 silly audit   color2k: [ '2.0.3' ],
58 silly audit   colord: [ '2.9.3' ],
58 silly audit   colorette: [ '2.0.20' ],
58 silly audit   'combined-stream': [ '1.0.8' ],
58 silly audit   commander: [ '7.2.0', '2.20.0', '8.3.0', '12.1.0', '4.1.1', '2.20.3' ],
58 silly audit   'comment-json': [ '4.2.5' ],
58 silly audit   commondir: [ '1.0.1' ],
58 silly audit   'component-type': [ '1.2.2' ],
58 silly audit   compressible: [ '2.0.18' ],
58 silly audit   compression: [ '1.8.0' ],
58 silly audit   negotiator: [ '0.6.4', '0.6.3' ],
58 silly audit   'concat-map': [ '0.0.1' ],
58 silly audit   connect: [ '3.7.0' ],
58 silly audit   'connect-history-api-fallback': [ '2.0.0' ],
58 silly audit   'content-disposition': [ '0.5.4' ],
58 silly audit   'content-type': [ '1.0.5' ],
58 silly audit   'convert-source-map': [ '2.0.0' ],
58 silly audit   cookie: [ '0.7.1' ],
58 silly audit   'cookie-signature': [ '1.0.6' ],
58 silly audit   'copy-webpack-plugin': [ '10.2.4' ],
58 silly audit   'glob-parent': [ '6.0.2', '5.1.2' ],
58 silly audit   slash: [ '4.0.0', '3.0.0' ],
58 silly audit   'core-js-compat': [ '3.41.0' ],
58 silly audit   'core-util-is': [ '1.0.3' ],
58 silly audit   cosmiconfig: [ '5.2.1' ],
58 silly audit   'cross-fetch': [ '3.2.0' ],
58 silly audit   'cross-spawn': [ '7.0.6', '6.0.6' ],
58 silly audit   crypt: [ '0.0.2' ],
58 silly audit   'crypto-random-string': [ '2.0.0', '1.0.0' ],
58 silly audit   'css-declaration-sorter': [ '6.4.1' ],
58 silly audit   'css-in-js-utils': [ '3.1.0' ],
58 silly audit   'css-loader': [ '6.11.0' ],
58 silly audit   'css-minimizer-webpack-plugin': [ '3.4.1' ],
58 silly audit   'jest-worker': [ '27.5.1', '29.7.0' ],
58 silly audit   'css-select': [ '4.3.0', '5.1.0' ],
58 silly audit   'css-tree': [ '1.1.3' ],
58 silly audit   'css-what': [ '6.1.0' ],
58 silly audit   cssesc: [ '3.0.0' ],
58 silly audit   cssnano: [ '5.1.15' ],
58 silly audit   'cssnano-preset-default': [ '5.2.14' ],
58 silly audit   'cssnano-utils': [ '3.1.0' ],
58 silly audit   csso: [ '4.2.0' ],
58 silly audit   csstype: [ '3.1.3' ],
58 silly audit   'date-fns': [ '4.1.0' ],
58 silly audit   'decode-uri-component': [ '0.2.2' ],
58 silly audit   'deep-extend': [ '0.6.0' ],
58 silly audit   deepmerge: [ '4.3.1' ],
58 silly audit   'default-gateway': [ '4.2.0', '6.0.3' ],
58 silly audit   defaults: [ '1.0.4' ],
58 silly audit   'define-lazy-prop': [ '2.0.0' ],
58 silly audit   'delayed-stream': [ '1.0.0' ],
58 silly audit   depd: [ '2.0.0', '1.1.2' ],
58 silly audit   destroy: [ '1.2.0' ],
58 silly audit   'detect-libc': [ '1.0.3' ],
58 silly audit   'detect-node': [ '2.1.0' ],
58 silly audit   'detect-node-es': [ '1.1.0' ],
58 silly audit   'dir-glob': [ '3.0.1' ],
58 silly audit   'dns-packet': [ '5.6.1' ],
58 silly audit   'dom-converter': [ '0.2.0' ],
58 silly audit   'dom-serializer': [ '1.4.1', '2.0.0' ],
58 silly audit   domelementtype: [ '2.3.0' ],
58 silly audit   domhandler: [ '4.3.1', '5.0.3' ],
58 silly audit   domutils: [ '2.8.0', '3.2.2' ],
58 silly audit   'dot-case': [ '3.0.4' ],
58 silly audit   dotenv: [ '16.4.7' ],
58 silly audit   'dotenv-expand': [ '11.0.7' ],
58 silly audit   'dunder-proto': [ '1.0.1' ],
58 silly audit   eastasianwidth: [ '0.2.0' ],
58 silly audit   'ee-first': [ '1.1.1' ],
58 silly audit   'electron-to-chromium': [ '1.5.139' ],
58 silly audit   'emojis-list': [ '3.0.0' ],
58 silly audit   encodeurl: [ '1.0.2', '2.0.0' ],
58 silly audit   'end-of-stream': [ '1.4.4' ],
58 silly audit   'enhanced-resolve': [ '5.18.1' ],
58 silly audit   entities: [ '2.2.0', '4.5.0' ],
58 silly audit   'env-editor': [ '0.4.2' ],
58 silly audit   'error-ex': [ '1.3.2' ],
58 silly audit   'error-stack-parser': [ '2.1.4' ],
58 silly audit   'es-define-property': [ '1.0.1' ],
58 silly audit   'es-errors': [ '1.3.0' ],
58 silly audit   'es-module-lexer': [ '1.6.0' ],
58 silly audit   'es-object-atoms': [ '1.1.1' ],
58 silly audit   'es-set-tostringtag': [ '2.1.0' ],
58 silly audit   escalade: [ '3.2.0' ],
58 silly audit   'escape-html': [ '1.0.3' ],
58 silly audit   'eslint-scope': [ '5.1.1' ],
58 silly audit   esprima: [ '4.0.1' ],
58 silly audit   esrecurse: [ '4.3.0' ],
58 silly audit   estraverse: [ '5.3.0', '4.3.0' ],
58 silly audit   esutils: [ '2.0.3' ],
58 silly audit   etag: [ '1.8.1' ],
58 silly audit   'event-target-shim': [ '5.0.1' ],
58 silly audit   eventemitter3: [ '4.0.7' ],
58 silly audit   events: [ '3.3.0' ],
58 silly audit   'exec-async': [ '2.2.0' ],
58 silly audit   'path-key': [ '2.0.1', '3.1.1' ],
58 silly audit   'shebang-command': [ '1.2.0', '2.0.0' ],
58 silly audit   'shebang-regex': [ '1.0.0', '3.0.0' ],
58 silly audit   which: [ '1.3.1', '2.0.2' ],
58 silly audit   expo: [ '52.0.46' ],
58 silly audit   'expo-asset': [ '11.0.5' ],
58 silly audit   'expo-camera': [ '16.0.18' ],
58 silly audit   'expo-constants': [ '17.0.8' ],
58 silly audit   'expo-file-system': [ '18.0.12' ],
58 silly audit   'expo-font': [ '13.0.4' ],
58 silly audit   'expo-image': [ '2.0.7' ],
58 silly audit   'expo-image-loader': [ '5.0.0' ],
58 silly audit   'expo-image-picker': [ '16.0.6' ],
58 silly audit   'expo-keep-awake': [ '14.0.3' ],
58 silly audit   'expo-linking': [ '7.0.5' ],
58 silly audit   'expo-modules-autolinking': [ '2.0.8' ],
58 silly audit   'expo-modules-core': [ '2.2.3' ],
58 silly audit   'expo-pwa': [ '0.0.127' ],
58 silly audit   mime: [ '2.6.0', '1.6.0' ],
58 silly audit   'temp-dir': [ '1.0.0', '2.0.0' ],
58 silly audit   tempy: [ '0.3.0', '0.7.1' ],
58 silly audit   'unique-string': [ '1.0.0', '2.0.0' ],
58 silly audit   'expo-router': [ '4.0.20' ],
58 silly audit   'expo-status-bar': [ '2.0.1' ],
58 silly audit   'exponential-backoff': [ '3.1.2' ],
58 silly audit   express: [ '4.21.2' ],
58 silly audit   finalhandler: [ '1.3.1', '1.1.2' ],
58 silly audit   send: [ '0.19.0', '0.19.1' ],
58 silly audit   statuses: [ '2.0.1', '1.5.0' ],
58 silly audit   'fast-deep-equal': [ '3.1.3' ],
58 silly audit   'fast-glob': [ '3.3.3' ],
58 silly audit   'fast-json-stable-stringify': [ '2.1.0' ],
58 silly audit   'fast-loops': [ '1.1.4' ],
58 silly audit   'fast-uri': [ '3.0.6' ],
58 silly audit   fastq: [ '1.19.1' ],
58 silly audit   'faye-websocket': [ '0.11.4' ],
58 silly audit   'fb-watchman': [ '2.0.2' ],
58 silly audit   fbemitter: [ '3.0.0' ],
58 silly audit   fbjs: [ '3.0.5' ],
58 silly audit   'fbjs-css-vars': [ '1.0.2' ],
58 silly audit   'fetch-retry': [ '4.1.1' ],
58 silly audit   'fill-range': [ '7.1.1' ],
58 silly audit   'filter-obj': [ '1.1.0' ],
58 silly audit   'find-yarn-workspace-root': [ '2.0.0' ],
58 silly audit   'flow-enums-runtime': [ '0.0.6' ],
58 silly audit   'flow-parser': [ '0.268.0' ],
58 silly audit   'follow-redirects': [ '1.15.9' ],
58 silly audit   fontfaceobserver: [ '2.3.0' ],
58 silly audit   'foreground-child': [ '3.3.1' ],
58 silly audit   'form-data': [ '3.0.3' ],
58 silly audit   forwarded: [ '0.2.0' ],
58 silly audit   'fraction.js': [ '4.3.7' ],
58 silly audit   framesync: [ '6.0.1' ],
58 silly audit   'freeport-async': [ '2.0.0' ],
58 silly audit   fresh: [ '0.5.2' ],
58 silly audit   'fs-minipass': [ '3.0.3', '2.1.0' ],
58 silly audit   'fs-monkey': [ '1.0.6' ],
58 silly audit   'fs.realpath': [ '1.0.0' ],
58 silly audit   fsevents: [ '2.3.3' ],
58 silly audit   'function-bind': [ '1.1.2' ],
58 silly audit   gensync: [ '1.0.0-beta.2' ],
58 silly audit   'get-caller-file': [ '2.0.5' ],
58 silly audit   'get-intrinsic': [ '1.3.0' ],
58 silly audit   'get-nonce': [ '1.0.1' ],
58 silly audit   'get-package-type': [ '0.1.0' ],
58 silly audit   'get-proto': [ '1.0.1' ],
58 silly audit   getenv: [ '1.0.0' ],
58 silly audit   'glob-to-regexp': [ '0.4.1' ],
58 silly audit   minimatch: [ '9.0.5', '3.1.2' ],
58 silly audit   globals: [ '11.12.0' ],
58 silly audit   gopd: [ '1.2.0' ],
58 silly audit   'graceful-fs': [ '4.2.11' ],
58 silly audit   'handle-thing': [ '2.0.1' ],
58 silly audit   'has-own-prop': [ '2.0.0' ],
58 silly audit   'has-symbols': [ '1.1.0' ],
58 silly audit   'has-tostringtag': [ '1.0.2' ],
58 silly audit   hasown: [ '2.0.2' ],
58 silly audit   he: [ '1.2.0' ],
58 silly audit   'hey-listen': [ '1.0.8' ],
58 silly audit   'hoist-non-react-statics': [ '3.3.2' ],
58 silly audit   'react-is': [ '16.13.1', '18.3.1' ],
58 silly audit   'hosted-git-info': [ '7.0.2' ],
58 silly audit   'hpack.js': [ '2.1.6' ],
58 silly audit   'readable-stream': [ '2.3.8', '3.6.2' ],
58 silly audit   'safe-buffer': [ '5.1.2', '5.2.1' ],
58 silly audit   string_decoder: [ '1.1.1', '1.3.0' ],
58 silly audit   'html-entities': [ '2.6.0' ],
58 silly audit   'html-minifier-terser': [ '6.1.0' ],
58 silly audit   'html-webpack-plugin': [ '5.6.3' ],
58 silly audit   htmlparser2: [ '6.1.0' ],
58 silly audit   'http-deceiver': [ '1.2.7' ],
58 silly audit   'http-errors': [ '2.0.0', '1.6.3' ],
58 silly audit   'http-parser-js': [ '0.5.10' ],
58 silly audit   'http-proxy': [ '1.18.1' ],
58 silly audit   'http-proxy-middleware': [ '2.0.9' ],
58 silly audit   'human-signals': [ '2.1.0' ],
58 silly audit   'hyphenate-style-name': [ '1.1.0' ],
58 silly audit   'icss-utils': [ '5.1.0' ],
58 silly audit   ieee754: [ '1.2.1' ],
58 silly audit   ignore: [ '5.3.2' ],
58 silly audit   'image-size': [ '1.2.1' ],
58 silly audit   'import-fresh': [ '2.0.0' ],
58 silly audit   'resolve-from': [ '3.0.0', '5.0.0' ],
58 silly audit   imurmurhash: [ '0.1.4' ],
58 silly audit   'indent-string': [ '4.0.0' ],
58 silly audit   inflight: [ '1.0.6' ],
58 silly audit   inherits: [ '2.0.4', '2.0.3' ],
58 silly audit   ini: [ '1.3.8' ],
58 silly audit   'inline-style-prefixer': [ '6.0.4' ],
58 silly audit   'internal-ip': [ '4.3.0' ],
58 silly audit   invariant: [ '2.2.4' ],
58 silly audit   'ip-regex': [ '2.1.0' ],
58 silly audit   'ipaddr.js': [ '1.9.1', '2.2.0' ],
58 silly audit   'is-arrayish': [ '0.2.1', '0.3.2' ],
58 silly audit   'is-binary-path': [ '2.1.0' ],
58 silly audit   'is-buffer': [ '1.1.6' ],
58 silly audit   'is-core-module': [ '2.16.1' ],
58 silly audit   'is-directory': [ '0.3.1' ],
58 silly audit   'is-docker': [ '2.2.1' ],
58 silly audit   'is-extglob': [ '2.1.1' ],
58 silly audit   'is-fullwidth-code-point': [ '3.0.0' ],
58 silly audit   'is-glob': [ '4.0.3' ],
58 silly audit   'is-number': [ '7.0.0' ],
58 silly audit   'is-path-cwd': [ '2.2.0' ],
58 silly audit   'is-path-in-cwd': [ '2.1.0' ],
58 silly audit   'is-path-inside': [ '2.1.0', '3.0.3' ],
58 silly audit   'is-plain-obj': [ '3.0.0', '2.1.0' ],
58 silly audit   'is-plain-object': [ '2.0.4' ],
58 silly audit   'is-wsl': [ '2.2.0' ],
58 silly audit   isarray: [ '1.0.0' ],
58 silly audit   isexe: [ '2.0.0' ],
58 silly audit   isobject: [ '3.0.1' ],
58 silly audit   'istanbul-lib-coverage': [ '3.2.2' ],
58 silly audit   'istanbul-lib-instrument': [ '5.2.1' ],
58 silly audit   jackspeak: [ '3.4.3' ],
58 silly audit   'jest-environment-node': [ '29.7.0' ],
58 silly audit   'jest-get-type': [ '29.6.3' ],
58 silly audit   'jest-haste-map': [ '29.7.0' ],
58 silly audit   'jest-message-util': [ '29.7.0' ],
58 silly audit   'jest-mock': [ '29.7.0' ],
58 silly audit   'jest-regex-util': [ '29.6.3' ],
58 silly audit   'jest-util': [ '29.7.0' ],
58 silly audit   'jest-validate': [ '29.7.0' ],
58 silly audit   'jimp-compact': [ '0.16.1' ],
58 silly audit   'join-component': [ '1.1.0' ],
58 silly audit   'js-tokens': [ '4.0.0' ],
58 silly audit   'jsc-android': [ '250231.0.0' ],
58 silly audit   'jsc-safe-url': [ '0.2.4' ],
58 silly audit   jscodeshift: [ '0.14.0' ],
58 silly audit   jsesc: [ '3.1.0', '3.0.2' ],
58 silly audit   'json-parse-better-errors': [ '1.0.2' ],
58 silly audit   'json-parse-even-better-errors': [ '2.3.1' ],
58 silly audit   json5: [ '2.2.3' ],
58 silly audit   'kind-of': [ '6.0.3' ],
58 silly audit   kleur: [ '3.0.3' ],
58 silly audit   'launch-editor': [ '2.10.0' ],
58 silly audit   leven: [ '3.1.0' ],
58 silly audit   'lighthouse-logger': [ '1.4.2' ],
58 silly audit   lightningcss: [ '1.27.0' ],
58 silly audit   'lightningcss-darwin-arm64': [ '1.27.0' ],
58 silly audit   'lightningcss-darwin-x64': [ '1.27.0' ],
58 silly audit   'lightningcss-freebsd-x64': [ '1.27.0' ],
58 silly audit   'lightningcss-linux-arm-gnueabihf': [ '1.27.0' ],
58 silly audit   'lightningcss-linux-arm64-gnu': [ '1.27.0' ],
58 silly audit   'lightningcss-linux-arm64-musl': [ '1.27.0' ],
58 silly audit   'lightningcss-linux-x64-gnu': [ '1.27.0' ],
58 silly audit   'lightningcss-linux-x64-musl': [ '1.27.0' ],
58 silly audit   'lightningcss-win32-arm64-msvc': [ '1.27.0' ],
58 silly audit   'lightningcss-win32-x64-msvc': [ '1.27.0' ],
58 silly audit   lilconfig: [ '2.1.0' ],
58 silly audit   'lines-and-columns': [ '1.2.4' ],
58 silly audit   'loader-runner': [ '4.3.0' ],
58 silly audit   'loader-utils': [ '2.0.4' ],
58 silly audit   lodash: [ '4.17.21' ],
58 silly audit   'lodash.debounce': [ '4.0.8' ],
58 silly audit   'lodash.memoize': [ '4.1.2' ],
58 silly audit   'lodash.throttle': [ '4.1.1' ],
58 silly audit   'lodash.uniq': [ '4.5.0' ],
58 silly audit   'log-symbols': [ '2.2.0' ],
58 silly audit   'loose-envify': [ '1.4.0' ],
58 silly audit   'lower-case': [ '2.0.2' ],
58 silly audit   'lucide-react-native': [ '0.501.0' ],
58 silly audit   makeerror: [ '1.0.12' ],
58 silly audit   marky: [ '1.3.0' ],
58 silly audit   'math-intrinsics': [ '1.1.0' ],
58 silly audit   md5: [ '2.3.0' ],
58 silly audit   'md5-file': [ '3.2.3' ],
58 silly audit   'mdn-data': [ '2.0.14' ],
58 silly audit   'media-typer': [ '0.3.0' ],
58 silly audit   memfs: [ '3.5.3' ],
58 silly audit   'memoize-one': [ '5.2.1', '6.0.0' ],
58 silly audit   'merge-descriptors': [ '1.0.3' ],
58 silly audit   'merge-options': [ '3.0.4' ],
58 silly audit   'merge-stream': [ '2.0.0' ],
58 silly audit   merge2: [ '1.4.1' ],
58 silly audit   methods: [ '1.1.2' ],
58 silly audit   metro: [ '0.81.4' ],
58 silly audit   'metro-babel-transformer': [ '0.81.4' ],
58 silly audit   'metro-cache': [ '0.81.4' ],
58 silly audit   'metro-cache-key': [ '0.81.4' ],
58 silly audit   'metro-config': [ '0.81.4' ],
58 silly audit   'metro-core': [ '0.81.4' ],
58 silly audit   'metro-file-map': [ '0.81.4' ],
58 silly audit   'metro-minify-terser': [ '0.81.4' ],
58 silly audit   'metro-resolver': [ '0.81.4' ],
58 silly audit   'metro-runtime': [ '0.81.4' ],
58 silly audit   'metro-source-map': [ '0.81.4' ],
58 silly audit   'metro-symbolicate': [ '0.81.4' ],
58 silly audit   'metro-transform-plugins': [ '0.81.4' ],
58 silly audit   'metro-transform-worker': [ '0.81.4' ],
58 silly audit   micromatch: [ '4.0.8' ],
58 silly audit   'mime-db': [ '1.54.0', '1.52.0' ],
58 silly audit   'mime-types': [ '2.1.35' ],
58 silly audit   'mini-css-extract-plugin': [ '2.9.2' ],
58 silly audit   'minimalistic-assert': [ '1.0.1' ],
58 silly audit   minimist: [ '1.2.8' ],
58 silly audit   minipass: [ '7.1.2', '3.3.6', '5.0.0' ],
58 silly audit   'minipass-collect': [ '2.0.1' ],
58 silly audit   'minipass-flush': [ '1.0.5' ],
58 silly audit   'minipass-pipeline': [ '1.2.4' ],
58 silly audit   minizlib: [ '2.1.2' ],
58 silly audit   'multicast-dns': [ '7.2.5' ],
58 silly audit   mz: [ '2.7.0' ],
58 silly audit   nativewind: [ '4.1.23' ],
58 silly audit   'react-native-css-interop': [ '0.1.22' ],
58 silly audit   'neo-async': [ '2.6.2' ],
58 silly audit   'nested-error-stacks': [ '2.0.1' ],
58 silly audit   'nice-try': [ '1.0.5' ],
58 silly audit   'no-case': [ '3.0.4' ],
58 silly audit   'node-dir': [ '0.1.17' ],
58 silly audit   'node-fetch': [ '2.7.0' ],
58 silly audit   'node-forge': [ '1.3.1' ],
58 silly audit   'node-html-parser': [ '5.4.2' ],
58 silly audit   'node-int64': [ '0.4.0' ],
58 silly audit   'node-releases': [ '2.0.19' ],
58 silly audit   'normalize-path': [ '3.0.0' ],
58 silly audit   'normalize-range': [ '0.1.2' ],
58 silly audit   'normalize-url': [ '6.1.0' ],
58 silly audit   'npm-package-arg': [ '11.0.3' ],
58 silly audit   'nth-check': [ '2.1.1' ],
58 silly audit   nullthrows: [ '1.1.1' ],
58 silly audit   ob1: [ '0.81.4' ],
58 silly audit   'object-assign': [ '4.1.1' ],
58 silly audit   'object-inspect': [ '1.13.4' ],
58 silly audit   obuf: [ '1.1.2' ],
58 silly audit   'on-headers': [ '1.0.2' ],
58 silly audit   once: [ '1.4.0' ],
58 silly audit   ora: [ '3.4.0' ],
58 silly audit   'p-finally': [ '1.0.0' ],
58 silly audit   'p-retry': [ '4.6.2' ],
58 silly audit   'p-try': [ '2.2.0' ],
58 silly audit   'package-json-from-dist': [ '1.0.1' ],
58 silly audit   'param-case': [ '3.0.4' ],
58 silly audit   'parse-json': [ '4.0.0' ],
58 silly audit   'parse-png': [ '2.1.0' ],
58 silly audit   parseurl: [ '1.3.3' ],
58 silly audit   'pascal-case': [ '3.1.2' ],
58 silly audit   'path-exists': [ '4.0.0', '3.0.0' ],
58 silly audit   'path-is-absolute': [ '1.0.1' ],
58 silly audit   'path-is-inside': [ '1.0.2' ],
58 silly audit   'path-parse': [ '1.0.7' ],
58 silly audit   'path-scurry': [ '1.11.1' ],
58 silly audit   'path-to-regexp': [ '0.1.12' ],
58 silly audit   'path-type': [ '4.0.0' ],
58 silly audit   picocolors: [ '1.1.1' ],
58 silly audit   pinkie: [ '2.0.4' ],
58 silly audit   'pinkie-promise': [ '2.0.1' ],
58 silly audit   pirates: [ '4.0.7' ],
58 silly audit   plist: [ '3.1.0' ],
58 silly audit   xmlbuilder: [ '15.1.1', '11.0.1', '14.0.0' ],
58 silly audit   pngjs: [ '3.4.0' ],
58 silly audit   popmotion: [ '11.0.3' ],
58 silly audit   'postcss-calc': [ '8.2.4' ],
58 silly audit   'postcss-colormin': [ '5.3.1' ],
58 silly audit   'postcss-convert-values': [ '5.1.3' ],
58 silly audit   'postcss-discard-comments': [ '5.1.2' ],
58 silly audit   'postcss-discard-duplicates': [ '5.1.0' ],
58 silly audit   'postcss-discard-empty': [ '5.1.1' ],
58 silly audit   'postcss-discard-overridden': [ '5.1.0' ],
58 silly audit   'postcss-merge-longhand': [ '5.1.7' ],
58 silly audit   'postcss-merge-rules': [ '5.1.4' ],
58 silly audit   'postcss-minify-font-values': [ '5.1.0' ],
58 silly audit   'postcss-minify-gradients': [ '5.1.1' ],
58 silly audit   'postcss-minify-params': [ '5.1.4' ],
58 silly audit   'postcss-minify-selectors': [ '5.2.1' ],
58 silly audit   'postcss-modules-extract-imports': [ '3.1.0' ],
58 silly audit   'postcss-modules-local-by-default': [ '4.2.0' ],
58 silly audit   'postcss-selector-parser': [ '7.1.0', '6.1.2' ],
58 silly audit   'postcss-modules-scope': [ '3.2.1' ],
58 silly audit   'postcss-modules-values': [ '4.0.0' ],
58 silly audit   'postcss-normalize-charset': [ '5.1.0' ],
58 silly audit   'postcss-normalize-display-values': [ '5.1.0' ],
58 silly audit   'postcss-normalize-positions': [ '5.1.1' ],
58 silly audit   'postcss-normalize-repeat-style': [ '5.1.1' ],
58 silly audit   'postcss-normalize-string': [ '5.1.0' ],
58 silly audit   'postcss-normalize-timing-functions': [ '5.1.0' ],
58 silly audit   'postcss-normalize-unicode': [ '5.1.1' ],
58 silly audit   'postcss-normalize-url': [ '5.1.0' ],
58 silly audit   'postcss-normalize-whitespace': [ '5.1.1' ],
58 silly audit   'postcss-ordered-values': [ '5.1.3' ],
58 silly audit   'postcss-reduce-initial': [ '5.1.2' ],
58 silly audit   'postcss-reduce-transforms': [ '5.1.0' ],
58 silly audit   'postcss-svgo': [ '5.1.0' ],
58 silly audit   'postcss-unique-selectors': [ '5.1.1' ],
58 silly audit   'postcss-value-parser': [ '4.2.0' ],
58 silly audit   'pretty-bytes': [ '5.6.0' ],
58 silly audit   'pretty-error': [ '4.0.0' ],
58 silly audit   'pretty-format': [ '29.7.0' ],
58 silly audit   'proc-log': [ '4.2.0' ],
58 silly audit   'process-nextick-args': [ '2.0.1' ],
58 silly audit   progress: [ '2.0.3' ],
58 silly audit   promise: [ '7.3.1', '8.3.0' ],
58 silly audit   prompts: [ '2.4.2' ],
58 silly audit   'prop-types': [ '15.8.1' ],
58 silly audit   'proxy-addr': [ '2.0.7' ],
58 silly audit   pump: [ '3.0.2' ],
58 silly audit   punycode: [ '2.3.1' ],
58 silly audit   'qrcode-terminal': [ '0.11.0' ],
58 silly audit   qs: [ '6.13.0' ],
58 silly audit   'query-string': [ '7.1.3' ],
58 silly audit   queue: [ '6.0.2' ],
58 silly audit   'queue-microtask': [ '1.2.3' ],
58 silly audit   randombytes: [ '2.1.0' ],
58 silly audit   'range-parser': [ '1.2.1' ],
58 silly audit   'raw-body': [ '2.5.2' ],
58 silly audit   rc: [ '1.2.8' ],
58 silly audit   react: [ '18.3.1' ],
58 silly audit   'react-devtools-core': [ '5.3.2' ],
58 silly audit   'react-dom': [ '18.2.0' ],
58 silly audit   scheduler: [ '0.23.2', '0.24.0-canary-efb381bbf-20230505' ],
58 silly audit   'react-fast-compare': [ '3.2.2' ],
58 silly audit   'react-freeze': [ '1.0.4' ],
58 silly audit   'react-helmet-async': [ '1.3.0' ],
58 silly audit   'react-native': [ '0.76.9' ],
58 silly audit   'react-native-gesture-handler': [ '2.25.0' ],
58 silly audit   'react-native-helmet-async': [ '2.0.4' ],
58 silly audit   'react-native-is-edge-to-edge': [ '1.1.7' ],
58 silly audit   'react-native-reanimated': [ '3.17.4' ],
58 silly audit   'react-native-safe-area-context': [ '5.4.0' ],
58 silly audit   'react-native-screens': [ '4.10.0' ],
58 silly audit   'react-native-svg': [ '15.11.2' ],
58 silly audit   'react-native-url-polyfill': [ '2.0.0' ],
58 silly audit   'react-native-web': [ '0.19.13' ],
58 silly audit   'regenerator-runtime': [ '0.13.11', '0.14.1' ],
58 silly audit   'react-refresh': [ '0.14.2' ],
58 silly audit   'react-remove-scroll': [ '2.6.3' ],
58 silly audit   'react-remove-scroll-bar': [ '2.3.8' ],
58 silly audit   'react-style-singleton': [ '2.2.3' ],
58 silly audit   readdirp: [ '3.6.0' ],
58 silly audit   readline: [ '1.3.0' ],
58 silly audit   recast: [ '0.21.5' ],
58 silly audit   regenerate: [ '1.4.2' ],
58 silly audit   'regenerate-unicode-properties': [ '10.2.0' ],
58 silly audit   'regenerator-transform': [ '0.15.2' ],
58 silly audit   'regexpu-core': [ '6.2.0' ],
58 silly audit   'registry-auth-token': [ '3.3.2' ],
58 silly audit   'registry-url': [ '3.1.0' ],
58 silly audit   regjsgen: [ '0.8.0' ],
58 silly audit   regjsparser: [ '0.12.0' ],
58 silly audit   relateurl: [ '0.2.7' ],
58 silly audit   'remove-trailing-slash': [ '0.1.1' ],
58 silly audit   renderkid: [ '3.0.0' ],
58 silly audit   'repeat-string': [ '1.6.1' ],
58 silly audit   'require-directory': [ '2.1.1' ],
58 silly audit   'require-from-string': [ '2.0.2' ],
58 silly audit   requireg: [ '0.2.2' ],
58 silly audit   resolve: [ '1.7.1', '1.22.10' ],
58 silly audit   'requires-port': [ '1.0.0' ],
58 silly audit   'resolve-workspace-root': [ '2.0.0' ],
58 silly audit   'resolve.exports': [ '2.0.3' ],
58 silly audit   'restore-cursor': [ '2.0.0' ],
58 silly audit   retry: [ '0.13.1' ],
58 silly audit   reusify: [ '1.1.0' ],
58 silly audit   'run-parallel': [ '1.2.0' ],
58 silly audit   'safer-buffer': [ '2.1.2' ],
58 silly audit   sax: [ '1.4.1' ],
58 silly audit   'select-hose': [ '2.0.0' ],
58 silly audit   selfsigned: [ '2.4.1' ],
58 silly audit   'serialize-error': [ '2.1.0' ],
58 silly audit   'serialize-javascript': [ '6.0.2' ],
58 silly audit   'serve-index': [ '1.9.1' ],
58 silly audit   setprototypeof: [ '1.1.0', '1.2.0' ],
58 silly audit   'serve-static': [ '1.16.2' ],
58 silly audit   'server-only': [ '0.0.1' ],
58 silly audit   setimmediate: [ '1.0.5' ],
58 silly audit   'shallow-clone': [ '3.0.1' ],
58 silly audit   shallowequal: [ '1.1.0' ],
58 silly audit   'shell-quote': [ '1.8.2' ],
58 silly audit   'side-channel': [ '1.1.0' ],
58 silly audit   'side-channel-list': [ '1.0.0' ],
58 silly audit   'side-channel-map': [ '1.0.1' ],
58 silly audit   'side-channel-weakmap': [ '1.0.2' ],
58 silly audit   'simple-plist': [ '1.3.1' ],
58 silly audit   'simple-swizzle': [ '0.2.2' ],
58 silly audit   sisteransi: [ '1.0.5' ],
58 silly audit   slugify: [ '1.6.6' ],
58 silly audit   sockjs: [ '0.3.24' ],
58 silly audit   'source-list-map': [ '2.0.1' ],
58 silly audit   'source-map-js': [ '1.2.1' ],
58 silly audit   'source-map-loader': [ '3.0.2' ],
58 silly audit   'source-map-support': [ '0.5.21' ],
58 silly audit   spdy: [ '4.0.2' ],
58 silly audit   'spdy-transport': [ '3.0.0' ],
58 silly audit   split: [ '1.0.1' ],
58 silly audit   'split-on-first': [ '1.1.0' ],
58 silly audit   'sprintf-js': [ '1.0.3' ],
58 silly audit   ssri: [ '10.0.6' ],
58 silly audit   stable: [ '0.1.8' ],
58 silly audit   'stack-utils': [ '2.0.6' ],
58 silly audit   stackframe: [ '1.3.4' ],
58 silly audit   'stacktrace-parser': [ '0.1.11' ],
58 silly audit   'stream-buffers': [ '2.2.0' ],
58 silly audit   'strict-uri-encode': [ '2.0.0' ],
58 silly audit   'strip-eof': [ '1.0.0' ],
58 silly audit   'strip-final-newline': [ '2.0.0' ],
58 silly audit   'strip-json-comments': [ '2.0.1' ],
58 silly audit   'structured-headers': [ '0.4.1' ],
58 silly audit   'style-loader': [ '3.3.4' ],
58 silly audit   'style-value-types': [ '5.0.0' ],
58 silly audit   stylehacks: [ '5.1.1' ],
58 silly audit   styleq: [ '0.1.3' ],
58 silly audit   sucrase: [ '3.35.0' ],
58 silly audit   'sudo-prompt': [ '9.1.1' ],
58 silly audit   'supports-hyperlinks': [ '2.3.0' ],
58 silly audit   'supports-preserve-symlinks-flag': [ '1.0.0' ],
58 silly audit   svgo: [ '2.8.0' ],
58 silly audit   tabbable: [ '6.2.0' ],
58 silly audit   tailwindcss: [ '4.1.4' ],
58 silly audit   tamagui: [ '1.126.1' ],
58 silly audit   tapable: [ '2.2.1' ],
58 silly audit   tar: [ '6.2.1' ],
58 silly audit   temp: [ '0.8.4' ],
58 silly audit   'terminal-link': [ '2.1.1' ],
58 silly audit   terser: [ '5.39.0' ],
58 silly audit   'terser-webpack-plugin': [ '5.3.14' ],
58 silly audit   'test-exclude': [ '6.0.0' ],
58 silly audit   thenify: [ '3.3.1' ],
58 silly audit   'thenify-all': [ '1.6.0' ],
58 silly audit   throat: [ '5.0.0' ],
58 silly audit   through: [ '2.3.8' ],
58 silly audit   thunky: [ '1.1.0' ],
58 silly audit   tmpl: [ '1.0.5' ],
58 silly audit   'to-regex-range': [ '5.0.1' ],
58 silly audit   toidentifier: [ '1.0.1' ],
58 silly audit   tr46: [ '0.0.3' ],
58 silly audit   'ts-interface-checker': [ '0.1.13' ],
58 silly audit   tslib: [ '2.8.1' ],
58 silly audit   'type-detect': [ '4.0.8' ],
58 silly audit   'type-is': [ '1.6.18' ],
58 silly audit   typescript: [ '5.8.3' ],
58 silly audit   'ua-parser-js': [ '1.0.40' ],
58 silly audit   undici: [ '6.21.2' ],
58 silly audit   'undici-types': [ '6.21.0' ],
58 silly audit   'unicode-canonical-property-names-ecmascript': [ '2.0.1' ],
58 silly audit   'unicode-match-property-ecmascript': [ '2.0.0' ],
58 silly audit   'unicode-match-property-value-ecmascript': [ '2.2.0' ],
58 silly audit   'unicode-property-aliases-ecmascript': [ '2.1.0' ],
58 silly audit   'unique-filename': [ '3.0.0' ],
58 silly audit   'unique-slug': [ '4.0.0' ],
58 silly audit   unpipe: [ '1.0.0' ],
58 silly audit   'update-browserslist-db': [ '1.1.3' ],
58 silly audit   'update-check': [ '1.5.3' ],
58 silly audit   'uri-js': [ '4.4.1' ],
58 silly audit   'use-callback-ref': [ '1.3.3' ],
58 silly audit   'use-latest-callback': [ '0.2.3' ],
58 silly audit   'use-sidecar': [ '1.1.3' ],
58 silly audit   'use-sync-external-store': [ '1.5.0' ],
58 silly audit   'util-deprecate': [ '1.0.2' ],
58 silly audit   utila: [ '0.4.0' ],
58 silly audit   'utils-merge': [ '1.0.1' ],
58 silly audit   uuid: [ '8.3.2', '7.0.3' ],
58 silly audit   'validate-npm-package-name': [ '5.0.1' ],
58 silly audit   vary: [ '1.1.2' ],
58 silly audit   vlq: [ '1.0.1' ],
58 silly audit   walker: [ '1.0.8' ],
58 silly audit   'warn-once': [ '0.1.1' ],
58 silly audit   watchpack: [ '2.4.2' ],
58 silly audit   wbuf: [ '1.7.3' ],
58 silly audit   wcwidth: [ '1.0.1' ],
58 silly audit   'web-streams-polyfill': [ '3.3.3' ],
58 silly audit   'webidl-conversions': [ '3.0.1', '5.0.0' ],
58 silly audit   webpack: [ '5.99.6' ],
58 silly audit   'webpack-dev-middleware': [ '5.3.4' ],
58 silly audit   'webpack-dev-server': [ '4.15.2' ],
58 silly audit   'webpack-manifest-plugin': [ '4.1.1' ],
58 silly audit   'webpack-sources': [ '2.3.1', '3.2.3' ],
58 silly audit   'websocket-driver': [ '0.7.4' ],
58 silly audit   'websocket-extensions': [ '0.1.4' ],
58 silly audit   'whatwg-fetch': [ '3.6.20' ],
58 silly audit   'whatwg-url': [ '5.0.0' ],
58 silly audit   'whatwg-url-without-unicode': [ '8.0.0-3' ],
58 silly audit   wonka: [ '6.3.5' ],
58 silly audit   wrappy: [ '1.0.2' ],
58 silly audit   xcode: [ '3.0.1' ],
58 silly audit   xml2js: [ '0.6.0' ],
58 silly audit   y18n: [ '5.0.8' ],
58 silly audit   yaml: [ '1.10.2' ],
58 silly audit   yargs: [ '17.7.2' ],
58 silly audit   'yargs-parser': [ '21.1.1' ],
58 silly audit   'yocto-queue': [ '0.1.0' ],
58 silly audit   'expo-linear-gradient': [ '14.0.2' ]
58 silly audit }
59 verbose reify failed optional dependency /home/user/node_modules/lightningcss-win32-x64-msvc
60 silly reify mark deleted [ '/home/user/node_modules/lightningcss-win32-x64-msvc' ]
61 verbose reify failed optional dependency /home/user/node_modules/lightningcss-win32-arm64-msvc
62 silly reify mark deleted [ '/home/user/node_modules/lightningcss-win32-arm64-msvc' ]
63 verbose reify failed optional dependency /home/user/node_modules/lightningcss-linux-arm64-musl
64 silly reify mark deleted [ '/home/user/node_modules/lightningcss-linux-arm64-musl' ]
65 verbose reify failed optional dependency /home/user/node_modules/lightningcss-linux-arm64-gnu
66 silly reify mark deleted [ '/home/user/node_modules/lightningcss-linux-arm64-gnu' ]
67 verbose reify failed optional dependency /home/user/node_modules/lightningcss-linux-arm-gnueabihf
68 silly reify mark deleted [ '/home/user/node_modules/lightningcss-linux-arm-gnueabihf' ]
69 verbose reify failed optional dependency /home/user/node_modules/lightningcss-freebsd-x64
70 silly reify mark deleted [ '/home/user/node_modules/lightningcss-freebsd-x64' ]
71 verbose reify failed optional dependency /home/user/node_modules/lightningcss-darwin-x64
72 silly reify mark deleted [ '/home/user/node_modules/lightningcss-darwin-x64' ]
73 verbose reify failed optional dependency /home/user/node_modules/lightningcss-darwin-arm64
74 silly reify mark deleted [ '/home/user/node_modules/lightningcss-darwin-arm64' ]
75 verbose reify failed optional dependency /home/user/node_modules/fsevents
76 silly reify mark deleted [ '/home/user/node_modules/fsevents' ]
77 silly tarball no local data for expo-linear-gradient@https://registry.npmjs.org/expo-linear-gradient/-/expo-linear-gradient-14.0.2.tgz. Extracting by manifest.
78 http fetch POST 200 https://registry.npmjs.org/-/npm/v1/security/advisories/bulk 78ms
79 silly audit report {
79 silly audit report   semver: [
79 silly audit report     {
79 silly audit report       id: 1101088,
79 silly audit report       url: 'https://github.com/advisories/GHSA-c2qf-rxjj-qqgw',
79 silly audit report       title: 'semver vulnerable to Regular Expression Denial of Service',
79 silly audit report       severity: 'high',
79 silly audit report       vulnerable_versions: '>=7.0.0 <7.5.2',
79 silly audit report       cwe: [Array],
79 silly audit report       cvss: [Object]
79 silly audit report     }
79 silly audit report   ]
79 silly audit report }
80 silly packumentCache corgi:https://registry.npmjs.org/semver cache-miss
81 http fetch GET 200 https://registry.npmjs.org/semver 58ms (cache updated)
82 silly packumentCache corgi:https://registry.npmjs.org/semver set size:undefined disposed:false
83 silly packumentCache corgi:https://registry.npmjs.org/@expo%2fimage-utils cache-miss
84 http fetch GET 200 https://registry.npmjs.org/expo-linear-gradient/-/expo-linear-gradient-14.0.2.tgz 267ms (cache miss)
85 http fetch GET 200 https://registry.npmjs.org/@expo%2fimage-utils 1088ms (cache updated)
86 silly packumentCache corgi:https://registry.npmjs.org/@expo%2fimage-utils set size:undefined disposed:false
87 silly packumentCache corgi:https://registry.npmjs.org/expo-pwa cache-miss
88 http fetch GET 200 https://registry.npmjs.org/expo-pwa 99ms (cache updated)
89 silly packumentCache corgi:https://registry.npmjs.org/expo-pwa set size:undefined disposed:false
90 silly packumentCache corgi:https://registry.npmjs.org/@expo%2fwebpack-config cache-miss
91 http fetch GET 200 https://registry.npmjs.org/@expo%2fwebpack-config 168ms (cache updated)
92 silly packumentCache corgi:https://registry.npmjs.org/@expo%2fwebpack-config set size:undefined disposed:false
93 silly ADD node_modules/expo-linear-gradient
94 silly ADD
95 silly ADD
96 silly ADD
97 silly ADD
98 silly ADD
99 silly ADD
100 silly ADD
101 silly ADD
102 silly ADD
103 verbose cwd /home/user
104 verbose os Linux 6.1.102
105 verbose node v20.19.0
106 verbose npm  v10.8.2
107 verbose exit 0
108 info ok
